0 info it worked if it ends with ok
1 verbose cli [ '/Users/rmcguinness/.nvm/versions/node/v5.11.1/bin/node',
1 verbose cli   '/Users/rmcguinness/.nvm/versions/node/v5.11.1/bin/npm',
1 verbose cli   'run',
1 verbose cli   'book' ]
2 info using npm@3.10.9
3 info using node@v5.11.1
4 verbose run-script [ 'prebook', 'book', 'postbook' ]
5 info lifecycle availity-angular@2.0.0-beta.8~prebook: availity-angular@2.0.0-beta.8
6 silly lifecycle availity-angular@2.0.0-beta.8~prebook: no script for prebook, continuing
7 info lifecycle availity-angular@2.0.0-beta.8~book: availity-angular@2.0.0-beta.8
8 verbose lifecycle availity-angular@2.0.0-beta.8~book: unsafe-perm in lifecycle true
9 verbose lifecycle availity-angular@2.0.0-beta.8~book: PATH: /Users/rmcguinness/.nvm/versions/node/v5.11.1/lib/node_modules/npm/bin/node-gyp-bin:/Users/rmcguinness/Workspaces/open-source/availity-angular/node_modules/.bin:/Users/rmcguinness/.nvm/versions/node/v5.11.1/bin:/Users/rmcguinness/Applications/calibre.app/Contents/MacOS:/Users/rmcguinness/Applications/Sublime Text.app/Contents/SharedSupport/bin:/Users/rmcguinness/Dev/homebrew/sbin:/Users/rmcguinness/Dev/homebrew/bin:/Users/rmcguinness/.config/fnm/bin:/usr/local/bin:/usr/bin:/bin:/usr/sbin:/sbin:/Users/rmcguinness/go/bin:/Users/rmcguinness/Dev/homebrew/opt/go/libexec/bin
10 verbose lifecycle availity-angular@2.0.0-beta.8~book: CWD: /Users/rmcguinness/Workspaces/open-source/availity-angular
11 silly lifecycle availity-angular@2.0.0-beta.8~book: Args: [ '-c', 'npm run book:prepare && gitbook serve' ]
12 silly lifecycle availity-angular@2.0.0-beta.8~book: Returned: code: 1  signal: null
13 info lifecycle availity-angular@2.0.0-beta.8~book: Failed to exec book script
14 verbose stack Error: availity-angular@2.0.0-beta.8 book: `npm run book:prepare && gitbook serve`
14 verbose stack Exit status 1
14 verbose stack     at EventEmitter.<anonymous> (/Users/rmcguinness/.nvm/versions/node/v5.11.1/lib/node_modules/npm/lib/utils/lifecycle.js:255:16)
14 verbose stack     at emitTwo (events.js:100:13)
14 verbose stack     at EventEmitter.emit (events.js:185:7)
14 verbose stack     at ChildProcess.<anonymous> (/Users/rmcguinness/.nvm/versions/node/v5.11.1/lib/node_modules/npm/lib/utils/spawn.js:40:14)
14 verbose stack     at emitTwo (events.js:100:13)
14 verbose stack     at ChildProcess.emit (events.js:185:7)
14 verbose stack     at maybeClose (internal/child_process.js:850:16)
14 verbose stack     at Process.ChildProcess._handle.onexit (internal/child_process.js:215:5)
15 verbose pkgid availity-angular@2.0.0-beta.8
16 verbose cwd /Users/rmcguinness/Workspaces/open-source/availity-angular
17 error Darwin 15.6.0
18 error argv "/Users/rmcguinness/.nvm/versions/node/v5.11.1/bin/node" "/Users/rmcguinness/.nvm/versions/node/v5.11.1/bin/npm" "run" "book"
19 error node v5.11.1
20 error npm  v3.10.9
21 error code ELIFECYCLE
22 error availity-angular@2.0.0-beta.8 book: `npm run book:prepare && gitbook serve`
22 error Exit status 1
23 error Failed at the availity-angular@2.0.0-beta.8 book script 'npm run book:prepare && gitbook serve'.
23 error Make sure you have the latest version of node.js and npm installed.
23 error If you do, this is most likely a problem with the availity-angular package,
23 error not with npm itself.
23 error Tell the author that this fails on your system:
23 error     npm run book:prepare && gitbook serve
23 error You can get information on how to open an issue for this project with:
23 error     npm bugs availity-angular
23 error Or if that isn't available, you can get their info via:
23 error     npm owner ls availity-angular
23 error There is likely additional logging output above.
24 verbose exit [ 1, true ]
